This is XeTeX, Version 3.1415926-2.3-0.9997.5 (MiKTeX 2.9) (preloaded format=xelatex 2014.10.23)  13 NOV 2014 17:21
entering extended mode
**graph.tex
(D:\ACM\Salvare-Template\graph.tex
LaTeX2e <2011/06/27>
Babel <v3.8m> and hyphenation patterns for loaded.
! Undefined control sequence.
l.1 \section
            {Graph}
? 
! Emergency stop.
l.1 \section
            {Graph}
End of file on the terminal!

 
Here is how much of TeX's memory you used:
 5 strings out of 430478
 61 string characters out of 3191151
 44928 words of memory out of 3000000
 3235 multiletter control sequences out of 15000+200000
 3640 words of font info for 14 fonts, out of 3000000 for 9000
 14 hyphenation exceptions out of 8191
 5i,0n,1p,27b,8s stack positions out of 5000i,500n,10000p,200000b,50000s
No pages of output.
