\BOOKMARK [1][-]{section.1}{Geometry}{}% 1
\BOOKMARK [2][-]{subsection.1.1}{注意}{section.1}% 2
\BOOKMARK [2][-]{subsection.1.2}{几何公式}{section.1}% 3
\BOOKMARK [3][-]{subsubsection.1.2.1}{三角形}{subsection.1.2}% 4
\BOOKMARK [3][-]{subsubsection.1.2.2}{四边形}{subsection.1.2}% 5
\BOOKMARK [3][-]{subsubsection.1.2.3}{圆内接四边形}{subsection.1.2}% 6
\BOOKMARK [3][-]{subsubsection.1.2.4}{正N边形}{subsection.1.2}% 7
\BOOKMARK [3][-]{subsubsection.1.2.5}{圆}{subsection.1.2}% 8
\BOOKMARK [3][-]{subsubsection.1.2.6}{棱柱}{subsection.1.2}% 9
\BOOKMARK [3][-]{subsubsection.1.2.7}{棱锥}{subsection.1.2}% 10
\BOOKMARK [3][-]{subsubsection.1.2.8}{正棱锥}{subsection.1.2}% 11
\BOOKMARK [3][-]{subsubsection.1.2.9}{棱台}{subsection.1.2}% 12
\BOOKMARK [3][-]{subsubsection.1.2.10}{正棱台}{subsection.1.2}% 13
\BOOKMARK [3][-]{subsubsection.1.2.11}{圆柱}{subsection.1.2}% 14
\BOOKMARK [3][-]{subsubsection.1.2.12}{圆锥}{subsection.1.2}% 15
\BOOKMARK [3][-]{subsubsection.1.2.13}{圆台}{subsection.1.2}% 16
\BOOKMARK [3][-]{subsubsection.1.2.14}{球}{subsection.1.2}% 17
\BOOKMARK [3][-]{subsubsection.1.2.15}{球台}{subsection.1.2}% 18
\BOOKMARK [3][-]{subsubsection.1.2.16}{球扇形}{subsection.1.2}% 19
\BOOKMARK [2][-]{subsection.1.3}{三维几何}{section.1}% 20
\BOOKMARK [3][-]{subsubsection.1.3.1}{头文件}{subsection.1.3}% 21
\BOOKMARK [3][-]{subsubsection.1.3.2}{取平面法向量}{subsection.1.3}% 22
\BOOKMARK [3][-]{subsubsection.1.3.3}{判三点共线}{subsection.1.3}% 23
\BOOKMARK [3][-]{subsubsection.1.3.4}{判四点共面}{subsection.1.3}% 24
\BOOKMARK [3][-]{subsubsection.1.3.5}{判点是否在线段上,包括端点和共线}{subsection.1.3}% 25
\BOOKMARK [3][-]{subsubsection.1.3.6}{判点是否在线段上,不包括端点}{subsection.1.3}% 26
\BOOKMARK [3][-]{subsubsection.1.3.7}{判点是否在空间三角形上,包括边界,三点共线无意义}{subsection.1.3}% 27
\BOOKMARK [3][-]{subsubsection.1.3.8}{判点是否在空间三角形上,不包括边界,三点共线无意义}{subsection.1.3}% 28
\BOOKMARK [3][-]{subsubsection.1.3.9}{判两点在线段同侧,点在线段上返回0,不共面无意义}{subsection.1.3}% 29
\BOOKMARK [3][-]{subsubsection.1.3.10}{判两点在线段异侧,点在线段上返回0,不共面无意义}{subsection.1.3}% 30
\BOOKMARK [3][-]{subsubsection.1.3.11}{判两点在平面同侧,点在平面上返回0}{subsection.1.3}% 31
\BOOKMARK [3][-]{subsubsection.1.3.12}{判两点在平面异侧,点在平面上返回0}{subsection.1.3}% 32
\BOOKMARK [3][-]{subsubsection.1.3.13}{判两直线平行}{subsection.1.3}% 33
\BOOKMARK [3][-]{subsubsection.1.3.14}{判两平面平行}{subsection.1.3}% 34
\BOOKMARK [3][-]{subsubsection.1.3.15}{判直线与平面平行}{subsection.1.3}% 35
\BOOKMARK [3][-]{subsubsection.1.3.16}{判两直线垂直}{subsection.1.3}% 36
\BOOKMARK [3][-]{subsubsection.1.3.17}{判两平面垂直}{subsection.1.3}% 37
\BOOKMARK [3][-]{subsubsection.1.3.18}{判直线与平面垂直}{subsection.1.3}% 38
\BOOKMARK [3][-]{subsubsection.1.3.19}{判两线段相交,包括端点和部分重合}{subsection.1.3}% 39
\BOOKMARK [3][-]{subsubsection.1.3.20}{判两线段相交,不包括端点和部分重合}{subsection.1.3}% 40
\BOOKMARK [3][-]{subsubsection.1.3.21}{判线段与空间三角形相交,包括交于边界和\(部分\)包含}{subsection.1.3}% 41
\BOOKMARK [3][-]{subsubsection.1.3.22}{判线段与空间三角形相交,不包括交于边界和\(部分\)包含}{subsection.1.3}% 42
\BOOKMARK [3][-]{subsubsection.1.3.23}{计算两直线交点}{subsection.1.3}% 43
\BOOKMARK [3][-]{subsubsection.1.3.24}{计算直线与平面交点}{subsection.1.3}% 44
\BOOKMARK [3][-]{subsubsection.1.3.25}{计算两平面交线}{subsection.1.3}% 45
\BOOKMARK [3][-]{subsubsection.1.3.26}{点到直线距离}{subsection.1.3}% 46
\BOOKMARK [3][-]{subsubsection.1.3.27}{点到平面距离}{subsection.1.3}% 47
\BOOKMARK [3][-]{subsubsection.1.3.28}{直线到直线距离}{subsection.1.3}% 48
\BOOKMARK [3][-]{subsubsection.1.3.29}{两直线夹角cos值}{subsection.1.3}% 49
\BOOKMARK [3][-]{subsubsection.1.3.30}{两平面夹角cos值}{subsection.1.3}% 50
\BOOKMARK [3][-]{subsubsection.1.3.31}{直线平面夹角sin值}{subsection.1.3}% 51
\BOOKMARK [2][-]{subsection.1.4}{网格}{section.1}% 52
\BOOKMARK [2][-]{subsection.1.5}{圆与多边形交}{section.1}% 53
\BOOKMARK [1][-]{section.2}{Graph}{}% 54
\BOOKMARK [2][-]{subsection.2.1}{二分图}{section.2}% 55
\BOOKMARK [3][-]{subsubsection.2.1.1}{最大匹配Hungry}{subsection.2.1}% 56
\BOOKMARK [3][-]{subsubsection.2.1.2}{最大匹配HK}{subsection.2.1}% 57
\BOOKMARK [3][-]{subsubsection.2.1.3}{最大权匹配}{subsection.2.1}% 58
\BOOKMARK [2][-]{subsection.2.2}{连通性}{section.2}% 59
\BOOKMARK [3][-]{subsubsection.2.2.1}{强联通}{subsection.2.2}% 60
\BOOKMARK [3][-]{subsubsection.2.2.2}{双联通分量}{subsection.2.2}% 61
\BOOKMARK [3][-]{subsubsection.2.2.3}{桥&&割点}{subsection.2.2}% 62
\BOOKMARK [3][-]{subsubsection.2.2.4}{欧拉路径}{subsection.2.2}% 63
\BOOKMARK [3][-]{subsubsection.2.2.5}{仙人掌图}{subsection.2.2}% 64
\BOOKMARK [2][-]{subsection.2.3}{网络流}{section.2}% 65
\BOOKMARK [3][-]{subsubsection.2.3.1}{SAP}{subsection.2.3}% 66
\BOOKMARK [3][-]{subsubsection.2.3.2}{全局最小割}{subsection.2.3}% 67
\BOOKMARK [3][-]{subsubsection.2.3.3}{MCMF}{subsection.2.3}% 68
\BOOKMARK [3][-]{subsubsection.2.3.4}{Primal\040Dual}{subsection.2.3}% 69
\BOOKMARK [2][-]{subsection.2.4}{最短路}{section.2}% 70
\BOOKMARK [3][-]{subsubsection.2.4.1}{Dijkstra}{subsection.2.4}% 71
\BOOKMARK [3][-]{subsubsection.2.4.2}{SPFA}{subsection.2.4}% 72
\BOOKMARK [2][-]{subsection.2.5}{树形图论}{section.2}% 73
\BOOKMARK [3][-]{subsubsection.2.5.1}{LCA}{subsection.2.5}% 74
\BOOKMARK [3][-]{subsubsection.2.5.2}{度限制最小生成树}{subsection.2.5}% 75
\BOOKMARK [3][-]{subsubsection.2.5.3}{曼哈顿最小生成树}{subsection.2.5}% 76
\BOOKMARK [3][-]{subsubsection.2.5.4}{最小树形图}{subsection.2.5}% 77
\BOOKMARK [3][-]{subsubsection.2.5.5}{一般图最大匹配}{subsection.2.5}% 78
\BOOKMARK [3][-]{subsubsection.2.5.6}{一般图最大权匹配}{subsection.2.5}% 79
\BOOKMARK [3][-]{subsubsection.2.5.7}{次小生成树}{subsection.2.5}% 80
\BOOKMARK [1][-]{section.3}{Datastruct}{}% 81
\BOOKMARK [2][-]{subsection.3.1}{数据结构}{section.3}% 82
\BOOKMARK [3][-]{subsubsection.3.1.1}{BIT}{subsection.3.1}% 83
\BOOKMARK [3][-]{subsubsection.3.1.2}{Partition\040Tree}{subsection.3.1}% 84
\BOOKMARK [3][-]{subsubsection.3.1.3}{Seg\040Tree}{subsection.3.1}% 85
\BOOKMARK [3][-]{subsubsection.3.1.4}{RMQ}{subsection.3.1}% 86
\BOOKMARK [3][-]{subsubsection.3.1.5}{Splay}{subsection.3.1}% 87
\BOOKMARK [3][-]{subsubsection.3.1.6}{Heavy\040Light\040Decomposition}{subsection.3.1}% 88
\BOOKMARK [3][-]{subsubsection.3.1.7}{Link\040Cut\040Tree}{subsection.3.1}% 89
\BOOKMARK [3][-]{subsubsection.3.1.8}{Crope}{subsection.3.1}% 90
\BOOKMARK [3][-]{subsubsection.3.1.9}{K-D\040Tree}{subsection.3.1}% 91
\BOOKMARK [2][-]{subsection.3.2}{字符串}{section.3}% 92
\BOOKMARK [3][-]{subsubsection.3.2.1}{AC\040automation}{subsection.3.2}% 93
\BOOKMARK [3][-]{subsubsection.3.2.2}{KMP}{subsection.3.2}% 94
\BOOKMARK [3][-]{subsubsection.3.2.3}{Suffix\040Array}{subsection.3.2}% 95
\BOOKMARK [3][-]{subsubsection.3.2.4}{Palindrome}{subsection.3.2}% 96
\BOOKMARK [3][-]{subsubsection.3.2.5}{Minimal\040representation}{subsection.3.2}% 97
\BOOKMARK [1][-]{section.4}{Math}{}% 98
\BOOKMARK [2][-]{subsection.4.1}{博弈}{section.4}% 99
\BOOKMARK [3][-]{subsubsection.4.1.1}{Nim积}{subsection.4.1}% 100
\BOOKMARK [3][-]{subsubsection.4.1.2}{总结}{subsection.4.1}% 101
\BOOKMARK [2][-]{subsection.4.2}{数值计算}{section.4}% 102
\BOOKMARK [3][-]{subsubsection.4.2.1}{傅里叶变换}{subsection.4.2}% 103
\BOOKMARK [3][-]{subsubsection.4.2.2}{数论变换}{subsection.4.2}% 104
\BOOKMARK [3][-]{subsubsection.4.2.3}{位运算FFT}{subsection.4.2}% 105
\BOOKMARK [3][-]{subsubsection.4.2.4}{高斯消元}{subsection.4.2}% 106
\BOOKMARK [3][-]{subsubsection.4.2.5}{矩阵行列式}{subsection.4.2}% 107
\BOOKMARK [3][-]{subsubsection.4.2.6}{单纯形法}{subsection.4.2}% 108
\BOOKMARK [3][-]{subsubsection.4.2.7}{龙贝格积分}{subsection.4.2}% 109
\BOOKMARK [2][-]{subsection.4.3}{数论}{section.4}% 110
\BOOKMARK [3][-]{subsubsection.4.3.1}{快速幂}{subsection.4.3}% 111
\BOOKMARK [3][-]{subsubsection.4.3.2}{Pollard\040Rho}{subsection.4.3}% 112
\BOOKMARK [3][-]{subsubsection.4.3.3}{扩展欧几里得}{subsection.4.3}% 113
\BOOKMARK [3][-]{subsubsection.4.3.4}{欧拉函数&莫比乌斯函数}{subsection.4.3}% 114
\BOOKMARK [3][-]{subsubsection.4.3.5}{区间gcd统计}{subsection.4.3}% 115
\BOOKMARK [3][-]{subsubsection.4.3.6}{求原根}{subsection.4.3}% 116
\BOOKMARK [3][-]{subsubsection.4.3.7}{取模&逆元}{subsection.4.3}% 117
\BOOKMARK [3][-]{subsubsection.4.3.8}{中国剩余定理}{subsection.4.3}% 118
\BOOKMARK [3][-]{subsubsection.4.3.9}{最小素因子}{subsection.4.3}% 119
\BOOKMARK [2][-]{subsection.4.4}{平面几何}{section.4}% 120
\BOOKMARK [3][-]{subsubsection.4.4.1}{常用函数}{subsection.4.4}% 121
\BOOKMARK [3][-]{subsubsection.4.4.2}{最近点对}{subsection.4.4}% 122
\BOOKMARK [3][-]{subsubsection.4.4.3}{最近圆对}{subsection.4.4}% 123
\BOOKMARK [3][-]{subsubsection.4.4.4}{最小圆覆盖}{subsection.4.4}% 124
\BOOKMARK [3][-]{subsubsection.4.4.5}{凸包}{subsection.4.4}% 125
\BOOKMARK [3][-]{subsubsection.4.4.6}{三角形心}{subsection.4.4}% 126
\BOOKMARK [3][-]{subsubsection.4.4.7}{费马点}{subsection.4.4}% 127
\BOOKMARK [3][-]{subsubsection.4.4.8}{半平面交}{subsection.4.4}% 128
\BOOKMARK [3][-]{subsubsection.4.4.9}{很多圆}{subsection.4.4}% 129
\BOOKMARK [2][-]{subsection.4.5}{三维几何}{section.4}% 130
\BOOKMARK [3][-]{subsubsection.4.5.1}{常用函数}{subsection.4.5}% 131
\BOOKMARK [3][-]{subsubsection.4.5.2}{三维凸包}{subsection.4.5}% 132
\BOOKMARK [2][-]{subsection.4.6}{序列}{section.4}% 133
\BOOKMARK [3][-]{subsubsection.4.6.1}{图数列}{subsection.4.6}% 134
\BOOKMARK [3][-]{subsubsection.4.6.2}{组合数列}{subsection.4.6}% 135
\BOOKMARK [3][-]{subsubsection.4.6.3}{数列}{subsection.4.6}% 136
\BOOKMARK [2][-]{subsection.4.7}{组合数学}{section.4}% 137
\BOOKMARK [3][-]{subsubsection.4.7.1}{Polya}{subsection.4.7}% 138
\BOOKMARK [3][-]{subsubsection.4.7.2}{小球_盒子}{subsection.4.7}% 139
\BOOKMARK [2][-]{subsection.4.8}{其他}{section.4}% 140
\BOOKMARK [3][-]{subsubsection.4.8.1}{反素数}{subsection.4.8}% 141
\BOOKMARK [3][-]{subsubsection.4.8.2}{高维球体积}{subsection.4.8}% 142
\BOOKMARK [3][-]{subsubsection.4.8.3}{阶乘最后非0位}{subsection.4.8}% 143
\BOOKMARK [3][-]{subsubsection.4.8.4}{整数拆分积最大 不允许重复}{subsection.4.8}% 144
\BOOKMARK [3][-]{subsubsection.4.8.5}{矩阵中三角形个数统计}{subsection.4.8}% 145
\BOOKMARK [3][-]{subsubsection.4.8.6}{求和}{subsection.4.8}% 146
\BOOKMARK [3][-]{subsubsection.4.8.7}{约瑟夫问题}{subsection.4.8}% 147
\BOOKMARK [1][-]{section.5}{迷}{}% 148
\BOOKMARK [2][-]{subsection.5.1}{DLX\040Exact}{section.5}% 149
\BOOKMARK [2][-]{subsection.5.2}{DLX\040Repeat}{section.5}% 150
\BOOKMARK [2][-]{subsection.5.3}{蔡勒公式}{section.5}% 151
\BOOKMARK [2][-]{subsection.5.4}{最优双调路线}{section.5}% 152
\BOOKMARK [2][-]{subsection.5.5}{插头dp_括号匹配}{section.5}% 153
\BOOKMARK [2][-]{subsection.5.6}{斯坦纳树}{section.5}% 154
\BOOKMARK [2][-]{subsection.5.7}{位运算}{section.5}% 155
\BOOKMARK [2][-]{subsection.5.8}{JAVA读入}{section.5}% 156
\BOOKMARK [2][-]{subsection.5.9}{printf&scanf}{section.5}% 157
\BOOKMARK [2][-]{subsection.5.10}{STL}{section.5}% 158
\BOOKMARK [2][-]{subsection.5.11}{读入外挂}{section.5}% 159
\BOOKMARK [2][-]{subsection.5.12}{栈外挂}{section.5}% 160
